<?xml version="1.0" encoding="UTF-8"?>
<!-- Generated by org.testng.reporters.JUnitXMLReporter -->
<testsuite hostname="MT66924" ignored="0" name="Default test" tests="1" failures="0" timestamp="2021-08-21T18:16:49 GMT-03:00" time="0.055" errors="0">
  <testcase name="@BeforeClass beforeClass" time="-1.629580609103E9" classname="sam.utils.pom.BrowserManager">
    <failure type="org.testng.TestNGException" message="
Parameter &amp;apos;BrowserType&amp;apos; is required by BeforeClass on method beforeClass but has not been marked @Optional or defined
in C:\Users\SAM\AppData\Local\Temp\testng-eclipse--178701398\testng-customsuite.xml">
      <![CDATA[org.testng.TestNGException: 
Parameter 'BrowserType' is required by BeforeClass on method beforeClass but has not been marked @Optional or defined
in C:\Users\SAM\AppData\Local\Temp\testng-eclipse--178701398\testng-customsuite.xml
at org.testng.internal.Parameters.createParams(Parameters.java:268)
at org.testng.internal.Parameters.createParametersForMethod(Parameters.java:356)
at org.testng.internal.Parameters.createParameters(Parameters.java:700)
at org.testng.internal.Parameters.createConfigurationParameters(Parameters.java:166)
at org.testng.internal.ConfigInvoker.invokeConfigurations(ConfigInvoker.java:301)
at org.testng.internal.TestMethodWorker.invokeBeforeClassMethods(TestMethodWorker.java:176)
at org.testng.internal.TestMethodWorker.run(TestMethodWorker.java:122)
at java.util.ArrayList.forEach(Unknown Source)
at org.testng.TestRunner.privateRun(TestRunner.java:764)
at org.testng.TestRunner.run(TestRunner.java:585)
at org.testng.SuiteRunner.runTest(SuiteRunner.java:384)
at org.testng.SuiteRunner.runSequentially(SuiteRunner.java:378)
at org.testng.SuiteRunner.privateRun(SuiteRunner.java:337)
at org.testng.SuiteRunner.run(SuiteRunner.java:286)
at org.testng.SuiteRunnerWorker.runSuite(SuiteRunnerWorker.java:53)
at org.testng.SuiteRunnerWorker.run(SuiteRunnerWorker.java:96)
at org.testng.TestNG.runSuitesSequentially(TestNG.java:1218)
at org.testng.TestNG.runSuitesLocally(TestNG.java:1140)
at org.testng.TestNG.runSuites(TestNG.java:1069)
at org.testng.TestNG.run(TestNG.java:1037)
at org.testng.remote.AbstractRemoteTestNG.run(AbstractRemoteTestNG.java:115)
at org.testng.remote.RemoteTestNG.initAndRun(RemoteTestNG.java:251)
at org.testng.remote.RemoteTestNG.main(RemoteTestNG.java:77)
]]>
    </failure>
  </testcase> <!-- @BeforeClass beforeClass -->
  <testcase name="login" time="0.0" classname="tests.ActividadSocioTest">
    <skipped/>
  </testcase> <!-- login -->
</testsuite> <!-- Default test -->
